*** Using Compiler 'V5.06 update 6 (build 750)', folder: 'D:\rmSoftware\ARM\ARMCC\Bin'
Build target 'SleepNO1'
compiling Task.c...
..\User\Task\Task.c(22): warning:  #1-D: last line of file ends without a newline
  }
..\User\Task\Task.c: 1 warning, 0 errors
compiling JiXieBi.c...
..\User\JiXieBi\JiXieBi.c(137): warning:  #1-D: last line of file ends without a newline
      // HAL_Delay(888);
..\User\JiXieBi\JiXieBi.c: 1 warning, 0 errors
compiling main.c...
../Core/Src/main.c(195): warning:  #2532-D: support for trigraphs is disabled
    // ---------------------------------æœºæ¢°è‡‚è°ƒè¯•ä»£ï¿???????????????????????????-----------------------------------------------------
../Core/Src/main.c: 1 warning, 0 errors
compiling Shoot.c...
..\User\Shoot\Shoot.c(18): warning:  #186-D: pointless comparison of unsigned integer with zero
      if      ( time_counter >= 0 && taskid == 0)    {FIX_POS_DJ_CLOSE();taskid++;}
..\User\Shoot\Shoot.c: 1 warning, 0 errors
compiling com_to_raspi.c...
compiling stm32f4xx_it.c...
linking...
Program Size: Code=21836 RO-data=468 RW-data=92 ZI-data=4076  
FromELF: creating hex file...
"SleepNO1\SleepNO1.axf" - 0 Error(s), 4 Warning(s).
Build Time Elapsed:  00:00:04
